2025-11-19 11:16:27,344 - ShadowDet - INFO - Experiment arguments:
 ============begin==================
action = train
ckpt = None
config = None
eval_batch = 1
eval_data = FSD_test
eval_size = 512
i_print = 10
logdir = logs
loglevel = info
loss = bbce
loss_binary_coeff = 10.0
loss_det_coeff = 10.0
loss_inv_coeff = 0.0
loss_rmse_coeff = 1.0
loss_smooth_coeff = 10.0
loss_var_coeff = 1.0
lr = 0.0005
lr_gamma = 0.7
lr_step = 1
model = BANet.efficientnet-b3
mu_init = 0.5
nworker = 2
prob_th = 0.5
save_ckpt = 1
seed = 1
total_ep = 15
train_batch = 8
train_data = FSD_train
train_size = 512
wd = 0.0001
=============end================
2025-11-19 11:16:29,083 - ShadowDet - INFO - model BANet.efficientnet-b3 is created!
2025-11-19 11:16:29,085 - ShadowDet - INFO - Dataloaders are prepared!
2025-11-19 11:16:32,491 - ShadowDet - INFO - [batch 10/152, epoch 1/15]: loss_rmse:0.13097001612186432 loss_inv:0.01808396726846695 loss_var:0.13097727298736572 loss_det:0.05232182890176773 loss_alpha:0.1526893973350525 loss_smooth:0.0029192850925028324 loss_total:1.2998546361923218 binary_loss:0.04854962229728699 
2025-11-19 11:16:35,020 - ShadowDet - INFO - [batch 20/152, epoch 1/15]: loss_rmse:0.1278991550207138 loss_inv:0.01545227412134409 loss_var:0.07219552248716354 loss_det:0.0335538424551487 loss_alpha:0.2703639566898346 loss_smooth:0.002623041160404682 loss_total:0.8678171634674072 binary_loss:0.030595365911722183 
2025-11-19 11:16:37,546 - ShadowDet - INFO - [batch 30/152, epoch 1/15]: loss_rmse:0.20019987225532532 loss_inv:0.02162790484726429 loss_var:0.2751805782318115 loss_det:0.09922299534082413 loss_alpha:0.24311497807502747 loss_smooth:0.0031359191052615643 loss_total:2.387561082839966 binary_loss:0.08885915577411652 
2025-11-19 11:16:40,066 - ShadowDet - INFO - [batch 40/152, epoch 1/15]: loss_rmse:0.14161691069602966 loss_inv:0.017107099294662476 loss_var:0.17519482970237732 loss_det:0.052704229950904846 loss_alpha:0.2068738490343094 loss_smooth:0.003204438602551818 loss_total:1.3461875915527344 binary_loss:0.04702891781926155 
2025-11-19 11:16:42,577 - ShadowDet - INFO - [batch 50/152, epoch 1/15]: loss_rmse:0.12208379060029984 loss_inv:0.012946415692567825 loss_var:0.21393367648124695 loss_det:0.04855119809508324 loss_alpha:0.16498146951198578 loss_smooth:0.0027599758468568325 loss_total:1.279058814048767 binary_loss:0.042992960661649704 
2025-11-19 11:16:45,088 - ShadowDet - INFO - [batch 60/152, epoch 1/15]: loss_rmse:0.13251875340938568 loss_inv:0.01241227239370346 loss_var:0.1919393241405487 loss_det:0.04714973270893097 loss_alpha:0.20113974809646606 loss_smooth:0.002749537117779255 loss_total:1.2401050329208374 binary_loss:0.04166542366147041 
2025-11-19 11:16:47,598 - ShadowDet - INFO - [batch 70/152, epoch 1/15]: loss_rmse:0.14829383790493011 loss_inv:0.011016128584742546 loss_var:0.09971491992473602 loss_det:0.06876896321773529 loss_alpha:0.1745329648256302 loss_smooth:0.003470608964562416 loss_total:1.5732042789459229 binary_loss:0.060279980301856995 
2025-11-19 11:16:50,107 - ShadowDet - INFO - [batch 80/152, epoch 1/15]: loss_rmse:0.18690256774425507 loss_inv:0.022255729883909225 loss_var:0.14640894532203674 loss_det:0.11323639750480652 loss_alpha:0.1766991913318634 loss_smooth:0.0034016636200249195 loss_total:2.481093645095825 binary_loss:0.09814014285802841 
2025-11-19 11:16:52,623 - ShadowDet - INFO - [batch 90/152, epoch 1/15]: loss_rmse:0.13746222853660583 loss_inv:0.013913104310631752 loss_var:0.05807507038116455 loss_det:0.06628868728876114 loss_alpha:0.168380007147789 loss_smooth:0.002776175271719694 loss_total:1.4581362009048462 binary_loss:0.0571950264275074 
2025-11-19 11:16:55,134 - ShadowDet - INFO - [batch 100/152, epoch 1/15]: loss_rmse:0.12063633650541306 loss_inv:0.014423035085201263 loss_var:0.04831038415431976 loss_det:0.05756925791501999 loss_alpha:0.11727823317050934 loss_smooth:0.0029133856296539307 loss_total:1.2698988914489746 binary_loss:0.04961257800459862 
2025-11-19 11:16:57,648 - ShadowDet - INFO - [batch 110/152, epoch 1/15]: loss_rmse:0.11850429326295853 loss_inv:0.04559267312288284 loss_var:0.24783436954021454 loss_det:0.08007469028234482 loss_alpha:0.08036907762289047 loss_smooth:0.0033909883350133896 loss_total:1.8874211311340332 binary_loss:0.06864254921674728 
2025-11-19 11:17:00,170 - ShadowDet - INFO - [batch 120/152, epoch 1/15]: loss_rmse:0.11884067952632904 loss_inv:0.017942622303962708 loss_var:0.31950679421424866 loss_det:0.06994353979825974 loss_alpha:0.10629323124885559 loss_smooth:0.003145243041217327 loss_total:1.7646738290786743 binary_loss:0.05954386293888092 
2025-11-19 11:17:02,681 - ShadowDet - INFO - [batch 130/152, epoch 1/15]: loss_rmse:0.13699781894683838 loss_inv:0.013210542500019073 loss_var:0.14715304970741272 loss_det:0.08207955211400986 loss_alpha:0.11444493383169174 loss_smooth:0.003072184044867754 loss_total:1.8284759521484375 binary_loss:0.06928078085184097 
2025-11-19 11:17:05,196 - ShadowDet - INFO - [batch 140/152, epoch 1/15]: loss_rmse:0.10037341713905334 loss_inv:0.026028595864772797 loss_var:0.09412307292222977 loss_det:0.044486962258815765 loss_alpha:0.0706070065498352 loss_smooth:0.0034389588981866837 loss_total:1.0505690574645996 binary_loss:0.037681326270103455 
2025-11-19 11:17:07,709 - ShadowDet - INFO - [batch 150/152, epoch 1/15]: loss_rmse:0.10794705152511597 loss_inv:0.015456153079867363 loss_var:0.2558711767196655 loss_det:0.07699689269065857 loss_alpha:0.07553885877132416 loss_smooth:0.0027593655977398157 loss_total:1.8010146617889404 binary_loss:0.063963383436203 
2025-11-19 11:17:46,276 - ShadowDet - INFO - Scores:
===============================================
	FSD_test.pos_err:3.5374462604522705
	FSD_test.neg_err:4.140275955200195
	FSD_test.ber:3.8388609886169434
	FSD_test.acc:0.9590920209884644
	FSD_test.soft_rmse:0.2215612381696701
	FSD_test.wse:1.2303893566131592
===============================================
2025-11-19 11:17:46,677 - ShadowDet - INFO - checkpoint has been saved to logs/ckpt/best.ckpt!
2025-11-19 11:17:49,038 - ShadowDet - INFO - [batch 8/152, epoch 2/15]: loss_rmse:0.10195071250200272 loss_inv:0.03917062655091286 loss_var:0.22402258217334747 loss_det:0.058012332767248154 loss_alpha:0.07263108342885971 loss_smooth:0.0030532111413776875 loss_total:1.419777512550354 binary_loss:0.04831488057971001 
2025-11-19 11:17:51,768 - ShadowDet - INFO - [batch 18/152, epoch 2/15]: loss_rmse:0.11107104271650314 loss_inv:0.012948383577167988 loss_var:0.0783357173204422 loss_det:0.08470197767019272 loss_alpha:0.07949484884738922 loss_smooth:0.002547791926190257 loss_total:1.7658913135528564 binary_loss:0.07039869576692581 
2025-11-19 11:17:54,279 - ShadowDet - INFO - [batch 28/152, epoch 2/15]: loss_rmse:0.1095677986741066 loss_inv:0.017482098191976547 loss_var:0.057976722717285156 loss_det:0.07650803029537201 loss_alpha:0.07595618814229965 loss_smooth:0.003410220379009843 loss_total:1.6008325815200806 binary_loss:0.06341055780649185 
2025-11-19 11:17:56,797 - ShadowDet - INFO - [batch 38/152, epoch 2/15]: loss_rmse:0.10371693223714828 loss_inv:0.03717309981584549 loss_var:0.25100839138031006 loss_det:0.07572629302740097 loss_alpha:0.0631188303232193 loss_smooth:0.0030733130406588316 loss_total:1.7711317539215088 binary_loss:0.0628410279750824 
2025-11-19 11:17:59,312 - ShadowDet - INFO - [batch 48/152, epoch 2/15]: loss_rmse:0.08709312975406647 loss_inv:0.05396647751331329 loss_var:0.14608892798423767 loss_det:0.04120680317282677 loss_alpha:0.06338128447532654 loss_smooth:0.004431726410984993 loss_total:1.0322610139846802 binary_loss:0.034269366413354874 
2025-11-19 11:18:01,844 - ShadowDet - INFO - [batch 58/152, epoch 2/15]: loss_rmse:0.09210643917322159 loss_inv:0.05057203769683838 loss_var:0.14826565980911255 loss_det:0.043866634368896484 loss_alpha:0.05366307497024536 loss_smooth:0.003038913942873478 loss_total:1.0724419355392456 binary_loss:0.03630143776535988 
2025-11-19 11:18:04,358 - ShadowDet - INFO - [batch 68/152, epoch 2/15]: loss_rmse:0.07927870750427246 loss_inv:0.013628210872411728 loss_var:0.22451667487621307 loss_det:0.045448366552591324 loss_alpha:0.05589780583977699 loss_smooth:0.0027625400107353926 loss_total:1.1574959754943848 binary_loss:0.03715914487838745 
2025-11-19 11:18:06,899 - ShadowDet - INFO - [batch 78/152, epoch 2/15]: loss_rmse:0.0892815962433815 loss_inv:0.05326958745718002 loss_var:0.16314521431922913 loss_det:0.0627504289150238 loss_alpha:0.056310687214136124 loss_smooth:0.0031700304243713617 loss_total:1.4202923774719238 binary_loss:0.05086609348654747 
2025-11-19 11:18:09,420 - ShadowDet - INFO - [batch 88/152, epoch 2/15]: loss_rmse:0.10521388798952103 loss_inv:0.06687726825475693 loss_var:0.03389444574713707 loss_det:0.1121576651930809 loss_alpha:0.0488143265247345 loss_smooth:0.003214426338672638 loss_total:2.202180862426758 binary_loss:0.09093515574932098 
2025-11-19 11:18:11,936 - ShadowDet - INFO - [batch 98/152, epoch 2/15]: loss_rmse:0.09057065844535828 loss_inv:0.05662281811237335 loss_var:0.1952075958251953 loss_det:0.09164983779191971 loss_alpha:0.045985713601112366 loss_smooth:0.0024955268017947674 loss_total:1.9655946493148804 binary_loss:0.07383628189563751 
2025-11-19 11:18:14,450 - ShadowDet - INFO - [batch 108/152, epoch 2/15]: loss_rmse:0.08655551075935364 loss_inv:0.02277286723256111 loss_var:0.12439318001270294 loss_det:0.044133707880973816 loss_alpha:0.057325854897499084 loss_smooth:0.004613720811903477 loss_total:1.0640134811401367 binary_loss:0.036559052765369415 
2025-11-19 11:18:16,974 - ShadowDet - INFO - [batch 118/152, epoch 2/15]: loss_rmse:0.08576272428035736 loss_inv:0.010545266792178154 loss_var:0.056504711508750916 loss_det:0.08764824271202087 loss_alpha:0.039086952805519104 loss_smooth:0.0026467014104127884 loss_total:1.7468510866165161 binary_loss:0.07016342878341675 
2025-11-19 11:18:19,488 - ShadowDet - INFO - [batch 128/152, epoch 2/15]: loss_rmse:0.08224894851446152 loss_inv:0.029019923880696297 loss_var:0.2070535570383072 loss_det:0.0431041494011879 loss_alpha:0.048427436500787735 loss_smooth:0.002649041824042797 loss_total:1.103539228439331 binary_loss:0.035670485347509384 
2025-11-19 11:18:22,001 - ShadowDet - INFO - [batch 138/152, epoch 2/15]: loss_rmse:0.06760123372077942 loss_inv:0.03256736695766449 loss_var:0.07443735748529434 loss_det:0.03182852640748024 loss_alpha:0.04710715264081955 loss_smooth:0.002710426226258278 loss_total:0.7427804470062256 binary_loss:0.025535238906741142 
2025-11-19 11:18:24,515 - ShadowDet - INFO - [batch 148/152, epoch 2/15]: loss_rmse:0.06940044462680817 loss_inv:0.016215171664953232 loss_var:0.2028113454580307 loss_det:0.06299809366464615 loss_alpha:0.02974761836230755 loss_smooth:0.0023671085946261883 loss_total:1.4237605333328247 binary_loss:0.0497896745800972 
2025-11-19 11:19:04,123 - ShadowDet - INFO - Scores:
===============================================
	FSD_test.pos_err:2.9869675636291504
	FSD_test.neg_err:2.4996399879455566
	FSD_test.ber:2.7433037757873535
	FSD_test.acc:0.9746037125587463
	FSD_test.soft_rmse:0.1669577956199646
	FSD_test.wse:0.9264453053474426
===============================================
2025-11-19 11:19:04,489 - ShadowDet - INFO - checkpoint has been saved to logs/ckpt/best.ckpt!
2025-11-19 11:19:06,383 - ShadowDet - INFO - [batch 6/152, epoch 3/15]: loss_rmse:0.0775856077671051 loss_inv:0.01347170490771532 loss_var:0.09011568874120712 loss_det:0.0666089653968811 loss_alpha:0.03489203006029129 loss_smooth:0.003244341816753149 loss_total:1.3951938152313232 binary_loss:0.05289594456553459 
2025-11-19 11:19:08,894 - ShadowDet - INFO - [batch 16/152, epoch 3/15]: loss_rmse:0.06749684363603592 loss_inv:0.06498018652200699 loss_var:0.12288197875022888 loss_det:0.06714984029531479 loss_alpha:0.03057146817445755 loss_smooth:0.002605283400043845 loss_total:1.4201066493988037 binary_loss:0.053217653185129166 
2025-11-19 11:19:11,405 - ShadowDet - INFO - [batch 26/152, epoch 3/15]: loss_rmse:0.08810874074697495 loss_inv:0.022230353206396103 loss_var:0.07107666879892349 loss_det:0.03841596469283104 loss_alpha:0.03809337317943573 loss_smooth:0.0024234806187450886 loss_total:0.8742444515228271 binary_loss:0.030666450038552284 
2025-11-19 11:19:13,920 - ShadowDet - INFO - [batch 36/152, epoch 3/15]: loss_rmse:0.05965019762516022 loss_inv:0.007275900803506374 loss_var:0.06264765560626984 loss_det:0.0566253662109375 loss_alpha:0.027466140687465668 loss_smooth:0.0021471078507602215 loss_total:1.155134677886963 binary_loss:0.044511210173368454 
2025-11-19 11:19:16,434 - ShadowDet - INFO - [batch 46/152, epoch 3/15]: loss_rmse:0.07357678562402725 loss_inv:0.019769400358200073 loss_var:0.24836920201778412 loss_det:0.10344451665878296 loss_alpha:0.026454169303178787 loss_smooth:0.002653989475220442 loss_total:2.1960763931274414 binary_loss:0.08131452649831772 
2025-11-19 11:19:18,949 - ShadowDet - INFO - [batch 56/152, epoch 3/15]: loss_rmse:0.05980680137872696 loss_inv:0.060636255890131 loss_var:0.25866907835006714 loss_det:0.05401170998811722 loss_alpha:0.025706622749567032 loss_smooth:0.0022848627995699644 loss_total:1.304953932762146 binary_loss:0.04235123097896576 
2025-11-19 11:19:21,465 - ShadowDet - INFO - [batch 66/152, epoch 3/15]: loss_rmse:0.06796811521053314 loss_inv:0.013860123232007027 loss_var:0.18193590641021729 loss_det:0.11696208268404007 loss_alpha:0.01937834918498993 loss_smooth:0.002367366338148713 loss_total:2.362095832824707 binary_loss:0.09188971668481827 
2025-11-19 11:19:23,981 - ShadowDet - INFO - [batch 76/152, epoch 3/15]: loss_rmse:0.06125151738524437 loss_inv:0.014814379625022411 loss_var:0.10140419006347656 loss_det:0.058797698467969894 loss_alpha:0.02418055385351181 loss_smooth:0.0023231059312820435 loss_total:1.2329277992248535 binary_loss:0.04590640217065811 
2025-11-19 11:19:26,496 - ShadowDet - INFO - [batch 86/152, epoch 3/15]: loss_rmse:0.053688161075115204 loss_inv:0.007772588171064854 loss_var:0.03957783430814743 loss_det:0.04562421143054962 loss_alpha:0.021988563239574432 loss_smooth:0.0024970262311398983 loss_total:0.9294846057891846 binary_loss:0.03550061956048012 
2025-11-19 11:19:29,012 - ShadowDet - INFO - [batch 96/152, epoch 3/15]: loss_rmse:0.05376587435603142 loss_inv:0.014766328036785126 loss_var:0.021687041968107224 loss_det:0.06325630098581314 loss_alpha:0.0202497448772192 loss_smooth:0.0017921550897881389 loss_total:1.2157312631607056 binary_loss:0.04897937923669815 
2025-11-19 11:19:31,525 - ShadowDet - INFO - [batch 106/152, epoch 3/15]: loss_rmse:0.06786950677633286 loss_inv:0.009037790820002556 loss_var:0.019513484090566635 loss_det:0.07376332581043243 loss_alpha:0.021640680730342865 loss_smooth:0.002612763550132513 loss_total:1.4249374866485596 binary_loss:0.05737936496734619 
2025-11-19 11:19:34,038 - ShadowDet - INFO - [batch 116/152, epoch 3/15]: loss_rmse:0.05575886368751526 loss_inv:0.028073642402887344 loss_var:0.10254387557506561 loss_det:0.07570350915193558 loss_alpha:0.0188161451369524 loss_smooth:0.002529317047446966 loss_total:1.523272156715393 binary_loss:0.0582641176879406 
2025-11-19 11:19:36,553 - ShadowDet - INFO - [batch 126/152, epoch 3/15]: loss_rmse:0.06465461850166321 loss_inv:0.06197997182607651 loss_var:0.026369459927082062 loss_det:0.03197023645043373 loss_alpha:0.02741078846156597 loss_smooth:0.002872846554964781 loss_total:0.6889103651046753 binary_loss:0.02494554966688156 
2025-11-19 11:19:39,067 - ShadowDet - INFO - [batch 136/152, epoch 3/15]: loss_rmse:0.06258261948823929 loss_inv:0.016371876001358032 loss_var:0.15100044012069702 loss_det:0.07120461016893387 loss_alpha:0.016227761283516884 loss_smooth:0.0025873659178614616 loss_total:1.4995218515396118 binary_loss:0.054801907390356064 
2025-11-19 11:19:41,581 - ShadowDet - INFO - [batch 146/152, epoch 3/15]: loss_rmse:0.08034151792526245 loss_inv:0.018154669553041458 loss_var:0.12853111326694489 loss_det:0.06800898164510727 loss_alpha:0.04866902530193329 loss_smooth:0.002240799367427826 loss_total:1.4353249073028564 binary_loss:0.052395448088645935 
2025-11-19 11:20:22,668 - ShadowDet - INFO - Scores:
===============================================
	FSD_test.pos_err:1.8883466720581055
	FSD_test.neg_err:2.5682151317596436
	FSD_test.ber:2.228281021118164
	FSD_test.acc:0.9748758673667908
	FSD_test.soft_rmse:0.12412726134061813
	FSD_test.wse:0.6893532872200012
===============================================
2025-11-19 11:20:23,040 - ShadowDet - INFO - checkpoint has been saved to logs/ckpt/best.ckpt!
2025-11-19 11:20:24,391 - ShadowDet - INFO - [batch 4/152, epoch 4/15]: loss_rmse:0.055462270975112915 loss_inv:0.017607547342777252 loss_var:0.06756037473678589 loss_det:0.06513972580432892 loss_alpha:0.020804941654205322 loss_smooth:0.0024869865737855434 loss_total:1.3021039962768555 binary_loss:0.05028143152594566 
2025-11-19 11:20:26,906 - ShadowDet - INFO - [batch 14/152, epoch 4/15]: loss_rmse:0.05175960436463356 loss_inv:0.012702232226729393 loss_var:0.03296073526144028 loss_det:0.07618805021047592 loss_alpha:0.015404214151203632 loss_smooth:0.0021034087985754013 loss_total:1.4552783966064453 binary_loss:0.05876434966921806 
2025-11-19 11:20:29,418 - ShadowDet - INFO - [batch 24/152, epoch 4/15]: loss_rmse:0.060502033680677414 loss_inv:0.005186057183891535 loss_var:0.04515805095434189 loss_det:0.07623863965272903 loss_alpha:0.0150936059653759 loss_smooth:0.0025153374299407005 loss_total:1.4755276441574097 binary_loss:0.05823277682065964 
2025-11-19 11:20:31,932 - ShadowDet - INFO - [batch 34/152, epoch 4/15]: loss_rmse:0.06380925327539444 loss_inv:0.011623469181358814 loss_var:0.02487531676888466 loss_det:0.06396247446537018 loss_alpha:0.022833211347460747 loss_smooth:0.0022900342009961605 loss_total:1.2529478073120117 binary_loss:0.05017382279038429 
2025-11-19 11:20:34,453 - ShadowDet - INFO - [batch 44/152, epoch 4/15]: loss_rmse:0.048423029482364655 loss_inv:0.014720340259373188 loss_var:0.10443638265132904 loss_det:0.07049695402383804 loss_alpha:0.014578012749552727 loss_smooth:0.0020921065006405115 loss_total:1.4229438304901123 binary_loss:0.054419372230768204 
2025-11-19 11:20:36,965 - ShadowDet - INFO - [batch 54/152, epoch 4/15]: loss_rmse:0.07760020345449448 loss_inv:0.018353886902332306 loss_var:0.09977391362190247 loss_det:0.04533617943525314 loss_alpha:0.0551355816423893 loss_smooth:0.0029297475703060627 loss_total:1.0161309242248535 binary_loss:0.035609759390354156 
2025-11-19 11:20:39,476 - ShadowDet - INFO - [batch 64/152, epoch 4/15]: loss_rmse:0.06334547698497772 loss_inv:0.07011495530605316 loss_var:0.16255372762680054 loss_det:0.04967031627893448 loss_alpha:0.016906023025512695 loss_smooth:0.0027367551811039448 loss_total:1.1294277906417847 binary_loss:0.03794579207897186 
2025-11-19 11:20:41,988 - ShadowDet - INFO - [batch 74/152, epoch 4/15]: loss_rmse:0.05479465052485466 loss_inv:0.011569220572710037 loss_var:0.01929665356874466 loss_det:0.07864092290401459 loss_alpha:0.017541073262691498 loss_smooth:0.002337331883609295 loss_total:1.4853488206863403 binary_loss:0.060147494077682495 
2025-11-19 11:20:44,503 - ShadowDet - INFO - [batch 84/152, epoch 4/15]: loss_rmse:0.05592207610607147 loss_inv:0.011511383578181267 loss_var:0.015008212998509407 loss_det:0.0619112066924572 loss_alpha:0.02097231149673462 loss_smooth:0.0021914057433605194 loss_total:1.1877163648605347 binary_loss:0.04757599160075188 
2025-11-19 11:20:47,019 - ShadowDet - INFO - [batch 94/152, epoch 4/15]: loss_rmse:0.047429412603378296 loss_inv:0.014851909130811691 loss_var:0.048776548355817795 loss_det:0.08188416808843613 loss_alpha:0.011270548216998577 loss_smooth:0.002390545792877674 loss_total:1.5654256343841553 binary_loss:0.0626472532749176 
2025-11-19 11:20:49,535 - ShadowDet - INFO - [batch 104/152, epoch 4/15]: loss_rmse:0.04469592869281769 loss_inv:0.013765542767941952 loss_var:0.09935751557350159 loss_det:0.07576672732830048 loss_alpha:0.011859351769089699 loss_smooth:0.0020688551012426615 loss_total:1.4962959289550781 binary_loss:0.05738866701722145 
2025-11-19 11:20:52,069 - ShadowDet - INFO - [batch 114/152, epoch 4/15]: loss_rmse:0.05754651501774788 loss_inv:0.020176880061626434 loss_var:0.20862767100334167 loss_det:0.07896869629621506 loss_alpha:0.014542680233716965 loss_smooth:0.0028809639625251293 loss_total:1.715580940246582 binary_loss:0.06309100240468979 
2025-11-19 11:20:54,592 - ShadowDet - INFO - [batch 124/152, epoch 4/15]: loss_rmse:0.04914304241538048 loss_inv:0.014932728372514248 loss_var:0.036204755306243896 loss_det:0.11992108821868896 loss_alpha:0.00940488837659359 loss_smooth:0.0025071073323488235 loss_total:2.218754768371582 binary_loss:0.09091250598430634 
2025-11-19 11:20:57,110 - ShadowDet - INFO - [batch 134/152, epoch 4/15]: loss_rmse:0.04734111577272415 loss_inv:0.05296562612056732 loss_var:0.027911841869354248 loss_det:0.05527772381901741 loss_alpha:0.016163209453225136 loss_smooth:0.001988181844353676 loss_total:1.0711336135864258 binary_loss:0.04232216253876686 
2025-11-19 11:20:59,626 - ShadowDet - INFO - [batch 144/152, epoch 4/15]: loss_rmse:0.06657060235738754 loss_inv:0.01877664402127266 loss_var:0.1106209009885788 loss_det:0.08578120917081833 loss_alpha:0.023940658196806908 loss_smooth:0.0025538229383528233 loss_total:1.71958589553833 binary_loss:0.065904401242733 
2025-11-19 11:21:39,629 - ShadowDet - INFO - Scores:
===============================================
	FSD_test.pos_err:1.5296339988708496
	FSD_test.neg_err:1.9695758819580078
	FSD_test.ber:1.7496049404144287
	FSD_test.acc:0.9806652665138245
	FSD_test.soft_rmse:0.10364526510238647
	FSD_test.wse:0.5720675587654114
===============================================
2025-11-19 11:21:39,985 - ShadowDet - INFO - checkpoint has been saved to logs/ckpt/best.ckpt!
2025-11-19 11:21:40,854 - ShadowDet - INFO - [batch 2/152, epoch 5/15]: loss_rmse:0.05034733936190605 loss_inv:0.08242670446634293 loss_var:0.020236682146787643 loss_det:0.04482210800051689 loss_alpha:0.021299045532941818 loss_smooth:0.0025672526098787785 loss_total:0.8938421010971069 binary_loss:0.03493645042181015 
2025-11-19 11:21:43,371 - ShadowDet - INFO - [batch 12/152, epoch 5/15]: loss_rmse:0.04357678070664406 loss_inv:0.008633319288492203 loss_var:0.03443371504545212 loss_det:0.0827394500374794 loss_alpha:0.00886862725019455 loss_smooth:0.002233529230579734 loss_total:1.5557498931884766 binary_loss:0.06280096620321274 
2025-11-19 11:21:45,899 - ShadowDet - INFO - [batch 22/152, epoch 5/15]: loss_rmse:0.05521859601140022 loss_inv:0.029519978910684586 loss_var:0.022044671699404716 loss_det:0.05471321567893028 loss_alpha:0.01817517913877964 loss_smooth:0.0025949832051992416 loss_total:1.0686674118041992 binary_loss:0.04183221608400345 
2025-11-19 11:21:48,411 - ShadowDet - INFO - [batch 32/152, epoch 5/15]: loss_rmse:0.045779988169670105 loss_inv:0.01938694156706333 loss_var:0.020731529220938683 loss_det:0.08106613159179688 loss_alpha:0.011992731131613255 loss_smooth:0.0022802387829869986 loss_total:1.5143554210662842 binary_loss:0.061438024044036865 
2025-11-19 11:21:50,932 - ShadowDet - INFO - [batch 42/152, epoch 5/15]: loss_rmse:0.05770207569003105 loss_inv:0.015703869983553886 loss_var:0.053940076380968094 loss_det:0.12582066655158997 loss_alpha:0.012999830767512321 loss_smooth:0.00232936954125762 loss_total:2.348600149154663 binary_loss:0.09554577618837357 
2025-11-19 11:21:53,458 - ShadowDet - INFO - [batch 52/152, epoch 5/15]: loss_rmse:0.04975459352135658 loss_inv:0.020444020628929138 loss_var:0.08854305744171143 loss_det:0.04314010590314865 loss_alpha:0.017820511013269424 loss_smooth:0.0024518268182873726 loss_total:0.922331690788269 binary_loss:0.032811474055051804 
2025-11-19 11:21:55,971 - ShadowDet - INFO - [batch 62/152, epoch 5/15]: loss_rmse:0.04961579293012619 loss_inv:0.019705310463905334 loss_var:0.1317063271999359 loss_det:0.046702709048986435 loss_alpha:0.02165641449391842 loss_smooth:0.0024350855965167284 loss_total:1.0290241241455078 binary_loss:0.035632409155368805 
2025-11-19 11:21:58,483 - ShadowDet - INFO - [batch 72/152, epoch 5/15]: loss_rmse:0.058390676975250244 loss_inv:0.07934015244245529 loss_var:0.012355215847492218 loss_det:0.04532896354794502 loss_alpha:0.021506384015083313 loss_smooth:0.0027160649187862873 loss_total:0.8999778032302856 binary_loss:0.034878168255090714 
2025-11-19 11:22:01,013 - ShadowDet - INFO - [batch 82/152, epoch 5/15]: loss_rmse:0.047712214291095734 loss_inv:0.06552571803331375 loss_var:0.1148102730512619 loss_det:0.06045489385724068 loss_alpha:0.013707942329347134 loss_smooth:0.002497476991266012 loss_total:1.2566661834716797 binary_loss:0.04646199569106102 
2025-11-19 11:22:03,526 - ShadowDet - INFO - [batch 92/152, epoch 5/15]: loss_rmse:0.050741713494062424 loss_inv:0.014110265299677849 loss_var:0.029413042590022087 loss_det:0.1012866348028183 loss_alpha:0.011134160682559013 loss_smooth:0.00237061083316803 loss_total:1.8770380020141602 binary_loss:0.07603107392787933 
2025-11-19 11:22:06,040 - ShadowDet - INFO - [batch 102/152, epoch 5/15]: loss_rmse:0.04662980139255524 loss_inv:0.041211847215890884 loss_var:0.01871524564921856 loss_det:0.07235416769981384 loss_alpha:0.01174270361661911 loss_smooth:0.002598272869363427 loss_total:1.3584673404693604 binary_loss:0.054359786212444305 
2025-11-19 11:22:08,555 - ShadowDet - INFO - [batch 112/152, epoch 5/15]: loss_rmse:0.08533269912004471 loss_inv:0.016981393098831177 loss_var:0.1496536135673523 loss_det:0.1094653382897377 loss_alpha:0.03288945183157921 loss_smooth:0.0022464084904640913 loss_total:2.174386501312256 binary_loss:0.08222826570272446 
2025-11-19 11:22:11,071 - ShadowDet - INFO - [batch 122/152, epoch 5/15]: loss_rmse:0.04959319531917572 loss_inv:0.07257401943206787 loss_var:0.08982543647289276 loss_det:0.08567845821380615 loss_alpha:0.013077870942652225 loss_smooth:0.0022537955082952976 loss_total:1.6636779308319092 binary_loss:0.06449368596076965 
2025-11-19 11:22:13,586 - ShadowDet - INFO - [batch 132/152, epoch 5/15]: loss_rmse:0.050789397209882736 loss_inv:0.016243664547801018 loss_var:0.1842922866344452 loss_det:0.06641887128353119 loss_alpha:0.015580421313643456 loss_smooth:0.002318483777344227 loss_total:1.4252938032150269 binary_loss:0.05028385668992996 
2025-11-19 11:22:16,101 - ShadowDet - INFO - [batch 142/152, epoch 5/15]: loss_rmse:0.04247155413031578 loss_inv:0.06980996578931808 loss_var:0.02156190387904644 loss_det:0.09426996111869812 loss_alpha:0.008236782625317574 loss_smooth:0.0022097753826528788 loss_total:1.7353813648223877 binary_loss:0.07065505534410477 
2025-11-19 11:22:18,614 - ShadowDet - INFO - [batch 152/152, epoch 5/15]: loss_rmse:0.03892163559794426 loss_inv:0.0056630996987223625 loss_var:0.05730340629816055 loss_det:0.0407690666615963 loss_alpha:0.012657303363084793 loss_smooth:0.0016147834248840809 loss_total:0.8275984525680542 binary_loss:0.030753491446375847 
2025-11-19 11:22:57,286 - ShadowDet - INFO - Scores:
===============================================
	FSD_test.pos_err:1.2875735759735107
	FSD_test.neg_err:2.1785974502563477
	FSD_test.ber:1.7330855131149292
	FSD_test.acc:0.978945255279541
	FSD_test.soft_rmse:0.08841181546449661
	FSD_test.wse:0.4871956706047058
===============================================
2025-11-19 11:22:57,646 - ShadowDet - INFO - checkpoint has been saved to logs/ckpt/best.ckpt!
2025-11-19 11:23:00,535 - ShadowDet - INFO - [batch 10/152, epoch 6/15]: loss_rmse:0.04836038127541542 loss_inv:0.0040383231826126575 loss_var:0.05068662017583847 loss_det:0.08707452565431595 loss_alpha:0.012778536416590214 loss_smooth:0.002316548954695463 loss_total:1.649621605873108 binary_loss:0.06566639244556427 
2025-11-19 11:23:03,046 - ShadowDet - INFO - [batch 20/152, epoch 6/15]: loss_rmse:0.041631925851106644 loss_inv:0.020630860701203346 loss_var:0.04675089567899704 loss_det:0.08733036369085312 loss_alpha:0.008121509104967117 loss_smooth:0.0023471154272556305 loss_total:1.6372826099395752 binary_loss:0.06521250307559967 
2025-11-19 11:23:05,559 - ShadowDet - INFO - [batch 30/152, epoch 6/15]: loss_rmse:0.04384194314479828 loss_inv:0.07344242185354233 loss_var:0.028529789298772812 loss_det:0.09687254577875137 loss_alpha:0.007589203771203756 loss_smooth:0.0022663981653749943 loss_total:1.7920567989349365 binary_loss:0.07282956689596176 
2025-11-19 11:23:08,070 - ShadowDet - INFO - [batch 40/152, epoch 6/15]: loss_rmse:0.044326554983854294 loss_inv:0.07166434824466705 loss_var:0.04302779585123062 loss_det:0.06495000422000885 loss_alpha:0.013362022116780281 loss_smooth:0.002146829152479768 loss_total:1.2462003231048584 binary_loss:0.048787761479616165 
2025-11-19 11:23:10,581 - ShadowDet - INFO - [batch 50/152, epoch 6/15]: loss_rmse:0.046538520604372025 loss_inv:0.020514139905571938 loss_var:0.0728406310081482 loss_det:0.05829498544335365 loss_alpha:0.011132359504699707 loss_smooth:0.0024889237247407436 loss_total:1.164207100868225 binary_loss:0.043698884546756744 
2025-11-19 11:23:13,093 - ShadowDet - INFO - [batch 60/152, epoch 6/15]: loss_rmse:0.044187720865011215 loss_inv:0.04285619407892227 loss_var:0.015157346613705158 loss_det:0.05461275950074196 loss_alpha:0.014783034101128578 loss_smooth:0.001857249764725566 loss_total:1.0358383655548096 binary_loss:0.041179317981004715 
2025-11-19 11:23:15,612 - ShadowDet - INFO - [batch 70/152, epoch 6/15]: loss_rmse:0.03802800551056862 loss_inv:0.04067114740610123 loss_var:0.04445329308509827 loss_det:0.054068729281425476 loss_alpha:0.009170996956527233 loss_smooth:0.0019412903347983956 loss_total:1.0464959144592285 binary_loss:0.04039144888520241 
2025-11-19 11:23:18,124 - ShadowDet - INFO - [batch 80/152, epoch 6/15]: loss_rmse:0.04408742114901543 loss_inv:0.005339415743947029 loss_var:0.05709047615528107 loss_det:0.08053846657276154 loss_alpha:0.011028309352695942 loss_smooth:0.0023584584705531597 loss_total:1.5352554321289062 binary_loss:0.06051082909107208 
2025-11-19 11:23:20,650 - ShadowDet - INFO - [batch 90/152, epoch 6/15]: loss_rmse:0.04367068409919739 loss_inv:0.009566273540258408 loss_var:0.05242031440138817 loss_det:0.03979732468724251 loss_alpha:0.016753219068050385 loss_smooth:0.0017975077498704195 loss_total:0.816716730594635 binary_loss:0.030467743054032326 
2025-11-19 11:23:23,347 - ShadowDet - INFO - [batch 100/152, epoch 6/15]: loss_rmse:0.042529959231615067 loss_inv:0.033064067363739014 loss_var:0.04213583841919899 loss_det:0.09350801259279251 loss_alpha:0.008802928030490875 loss_smooth:0.0019292259821668267 loss_total:1.7357772588729858 binary_loss:0.06967391073703766 
2025-11-19 11:23:25,862 - ShadowDet - INFO - [batch 110/152, epoch 6/15]: loss_rmse:0.04726775735616684 loss_inv:0.07572020590305328 loss_var:0.07003229856491089 loss_det:0.03776462748646736 loss_alpha:0.01994781196117401 loss_smooth:0.0023713321425020695 loss_total:0.8058819770812988 binary_loss:0.028722228482365608 
2025-11-19 11:23:28,581 - ShadowDet - INFO - [batch 120/152, epoch 6/15]: loss_rmse:0.052471790462732315 loss_inv:0.0372738316655159 loss_var:0.0320819728076458 loss_det:0.060109470039606094 loss_alpha:0.021497270092368126 loss_smooth:0.0019264859147369862 loss_total:1.1614034175872803 binary_loss:0.045649003237485886 
2025-11-19 11:23:31,097 - ShadowDet - INFO - [batch 130/152, epoch 6/15]: loss_rmse:0.06582264602184296 loss_inv:0.01303265430033207 loss_var:0.02445579133927822 loss_det:0.06762050092220306 loss_alpha:0.030145155265927315 loss_smooth:0.0024504971224814653 loss_total:1.2996339797973633 binary_loss:0.050864558666944504 
2025-11-19 11:23:33,612 - ShadowDet - INFO - [batch 140/152, epoch 6/15]: loss_rmse:0.04273753613233566 loss_inv:0.013534193858504295 loss_var:0.019460689276456833 loss_det:0.06428257375955582 loss_alpha:0.012323541566729546 loss_smooth:0.0018366728909313679 loss_total:1.2019872665405273 binary_loss:0.047859661281108856 
2025-11-19 11:23:36,126 - ShadowDet - INFO - [batch 150/152, epoch 6/15]: loss_rmse:0.05026429891586304 loss_inv:0.020815083757042885 loss_var:0.1823158711194992 loss_det:0.10207892954349518 loss_alpha:0.008978740312159061 loss_smooth:0.0026345648802816868 loss_total:2.03910756111145 binary_loss:0.07593925297260284 
2025-11-19 11:24:14,212 - ShadowDet - INFO - Scores:
===============================================
	FSD_test.pos_err:1.6529262065887451
	FSD_test.neg_err:1.5970945358276367
	FSD_test.ber:1.625010371208191
	FSD_test.acc:0.9839832782745361
	FSD_test.soft_rmse:0.077443428337574
	FSD_test.wse:0.42594215273857117
===============================================
2025-11-19 11:24:14,638 - ShadowDet - INFO - checkpoint has been saved to logs/ckpt/best.ckpt!
2025-11-19 11:24:17,071 - ShadowDet - INFO - [batch 8/152, epoch 7/15]: loss_rmse:0.046001121401786804 loss_inv:0.005335153546184301 loss_var:0.05007266253232956 loss_det:0.0973266214132309 loss_alpha:0.009292060509324074 loss_smooth:0.002724097575992346 loss_total:1.8229854106903076 binary_loss:0.07264044880867004 
2025-11-19 11:24:19,582 - ShadowDet - INFO - [batch 18/152, epoch 7/15]: loss_rmse:0.049276355654001236 loss_inv:0.019054099917411804 loss_var:0.030843576416373253 loss_det:0.07514336705207825 loss_alpha:0.013840414583683014 loss_smooth:0.002306147012859583 loss_total:1.4150431156158447 binary_loss:0.05604281648993492 
2025-11-19 11:24:22,096 - ShadowDet - INFO - [batch 28/152, epoch 7/15]: loss_rmse:0.03834277763962746 loss_inv:0.07177993655204773 loss_var:0.04129564017057419 loss_det:0.03982958197593689 loss_alpha:0.015233785845339298 loss_smooth:0.0017080442048609257 loss_total:0.7940330505371094 binary_loss:0.029901837930083275 
2025-11-19 11:24:24,625 - ShadowDet - INFO - [batch 38/152, epoch 7/15]: loss_rmse:0.042981334030628204 loss_inv:0.008813654072582722 loss_var:0.04255833476781845 loss_det:0.07313865423202515 loss_alpha:0.0075247264467179775 loss_smooth:0.001985644455999136 loss_total:1.384600043296814 binary_loss:0.05478173494338989 
2025-11-19 11:24:27,144 - ShadowDet - INFO - [batch 48/152, epoch 7/15]: loss_rmse:0.037928514182567596 loss_inv:0.0087652076035738 loss_var:0.09219194203615189 loss_det:0.09354101866483688 loss_alpha:0.007189326453953981 loss_smooth:0.002194813685491681 loss_total:1.7836496829986572 binary_loss:0.06961708515882492 
2025-11-19 11:24:29,655 - ShadowDet - INFO - [batch 58/152, epoch 7/15]: loss_rmse:0.054668620228767395 loss_inv:0.006440278142690659 loss_var:0.016985444352030754 loss_det:0.0551004596054554 loss_alpha:0.021493537351489067 loss_smooth:0.0022358938585966825 loss_total:1.0553460121154785 binary_loss:0.04103284329175949 
2025-11-19 11:24:32,176 - ShadowDet - INFO - [batch 68/152, epoch 7/15]: loss_rmse:0.051761772483587265 loss_inv:0.03962858393788338 loss_var:0.029197242110967636 loss_det:0.06752262264490128 loss_alpha:0.0154207618907094 loss_smooth:0.0021150787360966206 loss_total:1.2987477779388428 binary_loss:0.052141182124614716 
2025-11-19 11:24:34,690 - ShadowDet - INFO - [batch 78/152, epoch 7/15]: loss_rmse:0.040524426847696304 loss_inv:0.08817147463560104 loss_var:0.043710410594940186 loss_det:0.09060527384281158 loss_alpha:0.007706546690315008 loss_smooth:0.002169238869100809 loss_total:1.6872392892837524 binary_loss:0.0675259381532669 
2025-11-19 11:24:37,206 - ShadowDet - INFO - [batch 88/152, epoch 7/15]: loss_rmse:0.04876256734132767 loss_inv:0.07368069887161255 loss_var:0.049886658787727356 loss_det:0.03697579726576805 loss_alpha:0.02144906297326088 loss_smooth:0.002335394499823451 loss_total:0.7705929279327393 binary_loss:0.027883175760507584 
2025-11-19 11:24:39,722 - ShadowDet - INFO - [batch 98/152, epoch 7/15]: loss_rmse:0.0425913967192173 loss_inv:0.051532696932554245 loss_var:0.04676402732729912 loss_det:0.054543230682611465 loss_alpha:0.010608887299895287 loss_smooth:0.002171187661588192 loss_total:1.063414454460144 binary_loss:0.04069148004055023 
2025-11-19 11:24:42,257 - ShadowDet - INFO - [batch 108/152, epoch 7/15]: loss_rmse:0.056139230728149414 loss_inv:0.029633251950144768 loss_var:0.04087395220994949 loss_det:0.05626187473535538 loss_alpha:0.02142324298620224 loss_smooth:0.0027248470578342676 loss_total:1.111194372177124 binary_loss:0.04243140295147896 
2025-11-19 11:24:44,793 - ShadowDet - INFO - [batch 118/152, epoch 7/15]: loss_rmse:0.041976042091846466 loss_inv:0.0844462439417839 loss_var:0.0680401623249054 loss_det:0.07634694874286652 loss_alpha:0.008092010393738747 loss_smooth:0.0018838534597307444 loss_total:1.4671611785888672 binary_loss:0.057483699172735214 
2025-11-19 11:24:47,310 - ShadowDet - INFO - [batch 128/152, epoch 7/15]: loss_rmse:0.05296749994158745 loss_inv:0.06666499376296997 loss_var:0.028586192056536674 loss_det:0.04268532246351242 loss_alpha:0.019573014229536057 loss_smooth:0.002043910091742873 loss_total:0.8592325448989868 binary_loss:0.033038653433322906 
2025-11-19 11:24:49,833 - ShadowDet - INFO - [batch 138/152, epoch 7/15]: loss_rmse:0.046738870441913605 loss_inv:0.008510293439030647 loss_var:0.008991154842078686 loss_det:0.06886358559131622 loss_alpha:0.010218965820968151 loss_smooth:0.002784538548439741 loss_total:1.286048412322998 binary_loss:0.05138372257351875 
2025-11-19 11:24:52,349 - ShadowDet - INFO - [batch 148/152, epoch 7/15]: loss_rmse:0.03926604613661766 loss_inv:0.013583041727542877 loss_var:0.03836879879236221 loss_det:0.07211712747812271 loss_alpha:0.007887979969382286 loss_smooth:0.0022133742459118366 loss_total:1.356774091720581 binary_loss:0.053583431988954544 
2025-11-19 11:25:30,689 - ShadowDet - INFO - Scores:
===============================================
	FSD_test.pos_err:1.227039098739624
	FSD_test.neg_err:1.9235491752624512
	FSD_test.ber:1.5752941370010376
	FSD_test.acc:0.9813361167907715
	FSD_test.soft_rmse:0.06919237226247787
	FSD_test.wse:0.37247931957244873
===============================================
2025-11-19 11:25:31,074 - ShadowDet - INFO - checkpoint has been saved to logs/ckpt/best.ckpt!
2025-11-19 11:25:32,930 - ShadowDet - INFO - [batch 6/152, epoch 8/15]: loss_rmse:0.05162445828318596 loss_inv:0.007399038411676884 loss_var:0.017529234290122986 loss_det:0.08667770773172379 loss_alpha:0.014418546110391617 loss_smooth:0.0022654924541711807 loss_total:1.6041030883789062 binary_loss:0.06455174833536148 
2025-11-19 11:25:35,442 - ShadowDet - INFO - [batch 16/152, epoch 8/15]: loss_rmse:0.04453064501285553 loss_inv:0.0747077539563179 loss_var:0.008530333638191223 loss_det:0.07795402407646179 loss_alpha:0.01032981462776661 loss_smooth:0.0019261366687715054 loss_total:1.4478974342346191 binary_loss:0.0596034899353981 
2025-11-19 11:25:37,954 - ShadowDet - INFO - [batch 26/152, epoch 8/15]: loss_rmse:0.05716021731495857 loss_inv:0.07255330681800842 loss_var:0.018697652965784073 loss_det:0.07921633124351501 loss_alpha:0.017949283123016357 loss_smooth:0.0024161161854863167 loss_total:1.4822721481323242 binary_loss:0.05900897458195686 
2025-11-19 11:25:40,467 - ShadowDet - INFO - [batch 36/152, epoch 8/15]: loss_rmse:0.04438377916812897 loss_inv:0.005139702931046486 loss_var:0.046153925359249115 loss_det:0.06688082963228226 loss_alpha:0.011600489728152752 loss_smooth:0.002229195786640048 loss_total:1.2838261127471924 binary_loss:0.050218816846609116 
2025-11-19 11:25:42,980 - ShadowDet - INFO - [batch 46/152, epoch 8/15]: loss_rmse:0.038058798760175705 loss_inv:0.07288005948066711 loss_var:0.017553597688674927 loss_det:0.038207683712244034 loss_alpha:0.012513899244368076 loss_smooth:0.0017999657429754734 loss_total:0.7424646615982056 binary_loss:0.028677580878138542 
2025-11-19 11:25:45,493 - ShadowDet - INFO - [batch 56/152, epoch 8/15]: loss_rmse:0.04908831790089607 loss_inv:0.021107472479343414 loss_var:0.17269045114517212 loss_det:0.0934857428073883 loss_alpha:0.01142474077641964 loss_smooth:0.0021306313574314117 loss_total:1.8725345134735107 binary_loss:0.0694592073559761 
2025-11-19 11:25:48,006 - ShadowDet - INFO - [batch 66/152, epoch 8/15]: loss_rmse:0.04660288617014885 loss_inv:0.017206916585564613 loss_var:0.013770301826298237 loss_det:0.046829864382743835 loss_alpha:0.016376778483390808 loss_smooth:0.0017978483811020851 loss_total:0.896386981010437 binary_loss:0.034973666071891785 
2025-11-19 11:25:50,526 - ShadowDet - INFO - [batch 76/152, epoch 8/15]: loss_rmse:0.048478156328201294 loss_inv:0.0663621723651886 loss_var:0.024238325655460358 loss_det:0.09673701226711273 loss_alpha:0.012301459908485413 loss_smooth:0.0021973000839352608 loss_total:1.7891497611999512 binary_loss:0.07270901650190353 
2025-11-19 11:25:53,038 - ShadowDet - INFO - [batch 86/152, epoch 8/15]: loss_rmse:0.042018692940473557 loss_inv:0.02066604048013687 loss_var:0.061897262930870056 loss_det:0.049316681921482086 loss_alpha:0.014031331054866314 loss_smooth:0.002197068417444825 loss_total:0.9913887977600098 binary_loss:0.037233538925647736 
2025-11-19 11:25:55,551 - ShadowDet - INFO - [batch 96/152, epoch 8/15]: loss_rmse:0.04140801355242729 loss_inv:0.06099966913461685 loss_var:0.01980559341609478 loss_det:0.060342103242874146 loss_alpha:0.010427086614072323 loss_smooth:0.00200577056966722 loss_total:1.1357396841049194 binary_loss:0.0451047383248806 
2025-11-19 11:25:58,077 - ShadowDet - INFO - [batch 106/152, epoch 8/15]: loss_rmse:0.03931761905550957 loss_inv:0.021633727476000786 loss_var:0.08947347104549408 loss_det:0.04638766124844551 loss_alpha:0.014505785889923573 loss_smooth:0.00213516759686172 loss_total:0.9653905034065247 binary_loss:0.0351371094584465 
2025-11-19 11:26:00,593 - ShadowDet - INFO - [batch 116/152, epoch 8/15]: loss_rmse:0.03892029449343681 loss_inv:0.07466675341129303 loss_var:0.02287822589278221 loss_det:0.07423505932092667 loss_alpha:0.007146610878407955 loss_smooth:0.0025108009576797485 loss_total:1.3796119689941406 binary_loss:0.05503549054265022 
2025-11-19 11:26:03,111 - ShadowDet - INFO - [batch 126/152, epoch 8/15]: loss_rmse:0.042822208255529404 loss_inv:0.04004709795117378 loss_var:0.01324094645678997 loss_det:0.09188693016767502 loss_alpha:0.008411685936152935 loss_smooth:0.002330625429749489 loss_total:1.6831612586975098 binary_loss:0.06849224865436554 
2025-11-19 11:26:05,636 - ShadowDet - INFO - [batch 136/152, epoch 8/15]: loss_rmse:0.036673855036497116 loss_inv:0.07593785226345062 loss_var:0.011690100654959679 loss_det:0.039933040738105774 loss_alpha:0.01098269410431385 loss_smooth:0.0019502239301800728 loss_total:0.7651103734970093 binary_loss:0.02979137934744358 
2025-11-19 11:26:08,151 - ShadowDet - INFO - [batch 146/152, epoch 8/15]: loss_rmse:0.060748644173145294 loss_inv:0.07424677908420563 loss_var:0.044439978897571564 loss_det:0.02137070521712303 loss_alpha:0.0184851735830307 loss_smooth:0.0024444693699479103 loss_total:0.5088257789611816 binary_loss:0.01654854044318199 
2025-11-19 11:26:47,477 - ShadowDet - INFO - Scores:
===============================================
	FSD_test.pos_err:1.390981674194336
	FSD_test.neg_err:1.7835795879364014
	FSD_test.ber:1.5872806310653687
	FSD_test.acc:0.9824864864349365
	FSD_test.soft_rmse:0.06317824870347977
	FSD_test.wse:0.3416188359260559
===============================================
2025-11-19 11:26:48,840 - ShadowDet - INFO - [batch 4/152, epoch 9/15]: loss_rmse:0.039217956364154816 loss_inv:0.020210139453411102 loss_var:0.055394284427165985 loss_det:0.05222048610448837 loss_alpha:0.010423689149320126 loss_smooth:0.0019329758360981941 loss_total:1.025665521621704 binary_loss:0.03895186260342598 
2025-11-19 11:26:51,355 - ShadowDet - INFO - [batch 14/152, epoch 9/15]: loss_rmse:0.049949344247579575 loss_inv:0.06738881766796112 loss_var:0.014891870319843292 loss_det:0.05868709459900856 loss_alpha:0.012542891316115856 loss_smooth:0.0025404072366654873 loss_total:1.1195104122161865 binary_loss:0.04423942044377327 
2025-11-19 11:26:53,876 - ShadowDet - INFO - [batch 24/152, epoch 9/15]: loss_rmse:0.040417321026325226 loss_inv:0.02564161643385887 loss_var:0.14196936786174774 loss_det:0.08080597221851349 loss_alpha:0.008440305478870869 loss_smooth:0.002109893597662449 loss_total:1.6137056350708008 binary_loss:0.0602160319685936 
2025-11-19 11:26:56,389 - ShadowDet - INFO - [batch 34/152, epoch 9/15]: loss_rmse:0.036469411104917526 loss_inv:0.016144976019859314 loss_var:0.036950260400772095 loss_det:0.08460104465484619 loss_alpha:0.0066117397509515285 loss_smooth:0.001953883795067668 loss_total:1.568053126335144 binary_loss:0.06290841847658157 
2025-11-19 11:26:58,903 - ShadowDet - INFO - [batch 44/152, epoch 9/15]: loss_rmse:0.04371646046638489 loss_inv:0.023248381912708282 loss_var:0.04590347409248352 loss_det:0.08340798318386078 loss_alpha:0.007421011570841074 loss_smooth:0.002374522853642702 loss_total:1.570861577987671 binary_loss:0.062341660261154175 
2025-11-19 11:27:01,416 - ShadowDet - INFO - [batch 54/152, epoch 9/15]: loss_rmse:0.04399338737130165 loss_inv:0.07661993056535721 loss_var:0.012252772226929665 loss_det:0.04151727259159088 loss_alpha:0.015141323208808899 loss_smooth:0.0022714678198099136 loss_total:0.8094759583473206 binary_loss:0.031534239649772644 
2025-11-19 11:27:03,929 - ShadowDet - INFO - [batch 64/152, epoch 9/15]: loss_rmse:0.03807902708649635 loss_inv:0.01861303299665451 loss_var:0.036265209317207336 loss_det:0.07925273478031158 loss_alpha:0.007910139858722687 loss_smooth:0.0019271017517894506 loss_total:1.477288007736206 binary_loss:0.05911454185843468 
2025-11-19 11:27:06,447 - ShadowDet - INFO - [batch 74/152, epoch 9/15]: loss_rmse:0.04770940542221069 loss_inv:0.07477802038192749 loss_var:0.00907929614186287 loss_det:0.0677904412150383 loss_alpha:0.013092675246298313 loss_smooth:0.0022482220083475113 loss_total:1.2672574520111084 binary_loss:0.051008209586143494 
2025-11-19 11:27:08,961 - ShadowDet - INFO - [batch 84/152, epoch 9/15]: loss_rmse:0.0486917607486248 loss_inv:0.02408945932984352 loss_var:0.0786946639418602 loss_det:0.048441946506500244 loss_alpha:0.014912869781255722 loss_smooth:0.0027023078873753548 loss_total:1.0028568506240845 binary_loss:0.036402784287929535 
2025-11-19 11:27:11,473 - ShadowDet - INFO - [batch 94/152, epoch 9/15]: loss_rmse:0.046614959836006165 loss_inv:0.06472617387771606 loss_var:0.11804020404815674 loss_det:0.07995536178350449 loss_alpha:0.010952192358672619 loss_smooth:0.002438991330564022 loss_total:1.5800518989562988 binary_loss:0.05914532020688057 
2025-11-19 11:27:13,986 - ShadowDet - INFO - [batch 104/152, epoch 9/15]: loss_rmse:0.03983262553811073 loss_inv:0.007971107959747314 loss_var:0.058851584792137146 loss_det:0.05810604989528656 loss_alpha:0.010207971557974815 loss_smooth:0.0021333126351237297 loss_total:1.1349010467529297 binary_loss:0.043382320553064346 
2025-11-19 11:27:16,500 - ShadowDet - INFO - [batch 114/152, epoch 9/15]: loss_rmse:0.04061531275510788 loss_inv:0.021557018160820007 loss_var:0.12394404411315918 loss_det:0.08971739560365677 loss_alpha:0.007295395713299513 loss_smooth:0.00214110454544425 loss_total:1.7482692003250122 binary_loss:0.06651248782873154 
2025-11-19 11:27:19,013 - ShadowDet - INFO - [batch 124/152, epoch 9/15]: loss_rmse:0.04033387079834938 loss_inv:0.054579831659793854 loss_var:0.07648187130689621 loss_det:0.06265319138765335 loss_alpha:0.009761434979736805 loss_smooth:0.0022074647713452578 loss_total:1.2318220138549805 binary_loss:0.04663996770977974 
2025-11-19 11:27:21,528 - ShadowDet - INFO - [batch 134/152, epoch 9/15]: loss_rmse:0.03896600753068924 loss_inv:0.05084266513586044 loss_var:0.037864647805690765 loss_det:0.07926253974437714 loss_alpha:0.0076967524364590645 loss_smooth:0.002298495965078473 loss_total:1.4798702001571655 binary_loss:0.05874291807413101 
2025-11-19 11:27:24,043 - ShadowDet - INFO - [batch 144/152, epoch 9/15]: loss_rmse:0.04099493473768234 loss_inv:0.06970004737377167 loss_var:0.021557580679655075 loss_det:0.10470081120729446 loss_alpha:0.007023248355835676 loss_smooth:0.0023518423549830914 loss_total:1.908031940460205 binary_loss:0.0774952843785286 
2025-11-19 11:28:03,011 - ShadowDet - INFO - Scores:
===============================================
	FSD_test.pos_err:1.1347949504852295
	FSD_test.neg_err:2.0384013652801514
	FSD_test.ber:1.5865981578826904
	FSD_test.acc:0.9803575873374939
	FSD_test.soft_rmse:0.05610084533691406
	FSD_test.wse:0.29090479016304016
===============================================
2025-11-19 11:28:03,816 - ShadowDet - INFO - [batch 2/152, epoch 10/15]: loss_rmse:0.08306676149368286 loss_inv:0.0737813264131546 loss_var:0.07387508451938629 loss_det:0.08442635834217072 loss_alpha:0.040109436959028244 loss_smooth:0.0023032946046441793 loss_total:1.6506637334823608 binary_loss:0.06264253705739975 
2025-11-19 11:28:06,329 - ShadowDet - INFO - [batch 12/152, epoch 10/15]: loss_rmse:0.04789632558822632 loss_inv:0.005420123226940632 loss_var:0.027583345770835876 loss_det:0.04705376550555229 loss_alpha:0.017441218718886375 loss_smooth:0.002144826576113701 loss_total:0.9230915904045105 binary_loss:0.03556259721517563 
2025-11-19 11:28:08,841 - ShadowDet - INFO - [batch 22/152, epoch 10/15]: loss_rmse:0.0467522032558918 loss_inv:0.07238853722810745 loss_var:0.03887148201465607 loss_det:0.05139509215950966 loss_alpha:0.014874485321342945 loss_smooth:0.0019964741077274084 loss_total:1.0089211463928223 binary_loss:0.03893817961215973 
2025-11-19 11:28:11,363 - ShadowDet - INFO - [batch 32/152, epoch 10/15]: loss_rmse:0.04649200662970543 loss_inv:0.060678113251924515 loss_var:0.049454912543296814 loss_det:0.04945039376616478 loss_alpha:0.015065365470945835 loss_smooth:0.002361107151955366 loss_total:0.986828088760376 binary_loss:0.03727661445736885 
2025-11-19 11:28:13,874 - ShadowDet - INFO - [batch 42/152, epoch 10/15]: loss_rmse:0.054186686873435974 loss_inv:0.02192249894142151 loss_var:0.06665477156639099 loss_det:0.08704198896884918 loss_alpha:0.013309162110090256 loss_smooth:0.0027665547095239162 loss_total:1.681333065032959 binary_loss:0.06624062359333038 
2025-11-19 11:28:16,386 - ShadowDet - INFO - [batch 52/152, epoch 10/15]: loss_rmse:0.04492432251572609 loss_inv:0.02002730965614319 loss_var:0.1183152049779892 loss_det:0.09457936882972717 loss_alpha:0.009509255178272724 loss_smooth:0.0021492738742381334 loss_total:1.83697509765625 binary_loss:0.07064491510391235 
2025-11-19 11:28:18,898 - ShadowDet - INFO - [batch 62/152, epoch 10/15]: loss_rmse:0.04302848502993584 loss_inv:0.04337689280509949 loss_var:0.028896603733301163 loss_det:0.05691980570554733 loss_alpha:0.012401044368743896 loss_smooth:0.002050484763458371 loss_total:1.088597297668457 binary_loss:0.042696934193372726 
2025-11-19 11:28:21,411 - ShadowDet - INFO - [batch 72/152, epoch 10/15]: loss_rmse:0.03696895018219948 loss_inv:0.0768975093960762 loss_var:0.09470337629318237 loss_det:0.07627148181200027 loss_alpha:0.0071296305395662785 loss_smooth:0.0021018865518271923 loss_total:1.4832706451416016 binary_loss:0.056786470115184784 
2025-11-19 11:28:23,923 - ShadowDet - INFO - [batch 82/152, epoch 10/15]: loss_rmse:0.05448796972632408 loss_inv:0.023078856989741325 loss_var:0.03787648677825928 loss_det:0.05596840754151344 loss_alpha:0.025612644851207733 loss_smooth:0.0024483008310198784 loss_total:1.1054933071136475 binary_loss:0.042896173894405365 
2025-11-19 11:28:26,436 - ShadowDet - INFO - [batch 92/152, epoch 10/15]: loss_rmse:0.04987699165940285 loss_inv:0.01841764897108078 loss_var:0.14744725823402405 loss_det:0.04414956271648407 loss_alpha:0.01898735761642456 loss_smooth:0.001878299517557025 loss_total:1.0033624172210693 binary_loss:0.03457596153020859 
2025-11-19 11:28:28,947 - ShadowDet - INFO - [batch 102/152, epoch 10/15]: loss_rmse:0.04651688411831856 loss_inv:0.02222309820353985 loss_var:0.09709935635328293 loss_det:0.05716714635491371 loss_alpha:0.015911927446722984 loss_smooth:0.0025373371317982674 loss_total:1.170837640762329 binary_loss:0.04301764816045761 
2025-11-19 11:28:31,460 - ShadowDet - INFO - [batch 112/152, epoch 10/15]: loss_rmse:0.04124290496110916 loss_inv:0.01869976706802845 loss_var:0.040721163153648376 loss_det:0.05915965884923935 loss_alpha:0.009675721637904644 loss_smooth:0.0022645127028226852 loss_total:1.1357345581054688 binary_loss:0.04395287483930588 
2025-11-19 11:28:33,982 - ShadowDet - INFO - [batch 122/152, epoch 10/15]: loss_rmse:0.036806002259254456 loss_inv:0.02540070377290249 loss_var:0.013356645591557026 loss_det:0.07798915356397629 loss_alpha:0.006616027094423771 loss_smooth:0.001981050241738558 loss_total:1.4288461208343506 binary_loss:0.0578981451690197 
2025-11-19 11:28:36,495 - ShadowDet - INFO - [batch 132/152, epoch 10/15]: loss_rmse:0.04703332483768463 loss_inv:0.07923131436109543 loss_var:0.0437384694814682 loss_det:0.04896889254450798 loss_alpha:0.013909107074141502 loss_smooth:0.0026514646597206593 loss_total:0.9722914099693298 binary_loss:0.03653160482645035 
2025-11-19 11:28:39,009 - ShadowDet - INFO - [batch 142/152, epoch 10/15]: loss_rmse:0.040863048285245895 loss_inv:0.010284843854606152 loss_var:0.018121156841516495 loss_det:0.06087453290820122 loss_alpha:0.01256488636136055 loss_smooth:0.001845870865508914 loss_total:1.1414198875427246 binary_loss:0.04552316293120384 
2025-11-19 11:28:41,524 - ShadowDet - INFO - [batch 152/152, epoch 10/15]: loss_rmse:0.045025572180747986 loss_inv:0.07296052575111389 loss_var:0.01691017858684063 loss_det:0.07818258553743362 loss_alpha:0.010006556287407875 loss_smooth:0.002428140491247177 loss_total:1.4546301364898682 binary_loss:0.058658719062805176 
2025-11-19 11:29:18,861 - ShadowDet - INFO - Scores:
===============================================
	FSD_test.pos_err:1.3818740844726562
	FSD_test.neg_err:1.6649246215820312
	FSD_test.ber:1.5233993530273438
	FSD_test.acc:0.9835830330848694
	FSD_test.soft_rmse:0.04856695979833603
	FSD_test.wse:0.25008946657180786
===============================================
2025-11-19 11:29:19,412 - ShadowDet - INFO - checkpoint has been saved to logs/ckpt/best.ckpt!
2025-11-19 11:29:22,237 - ShadowDet - INFO - [batch 10/152, epoch 11/15]: loss_rmse:0.043758705258369446 loss_inv:0.025876522064208984 loss_var:0.14692643284797668 loss_det:0.06107666343450546 loss_alpha:0.009492498822510242 loss_smooth:0.0020488277077674866 loss_total:1.2767112255096436 binary_loss:0.04547712206840515 
2025-11-19 11:29:24,749 - ShadowDet - INFO - [batch 20/152, epoch 11/15]: loss_rmse:0.04302198812365532 loss_inv:0.0822984129190445 loss_var:0.012881405651569366 loss_det:0.05884113535284996 loss_alpha:0.013433665968477726 loss_smooth:0.002402152633294463 loss_total:1.1107454299926758 binary_loss:0.04424092918634415 
2025-11-19 11:29:27,262 - ShadowDet - INFO - [batch 30/152, epoch 11/15]: loss_rmse:0.050763871520757675 loss_inv:0.05032263323664665 loss_var:0.035384465008974075 loss_det:0.0719107836484909 loss_alpha:0.016589822247624397 loss_smooth:0.0023088641464710236 loss_total:1.3645567893981934 binary_loss:0.05362120270729065 
2025-11-19 11:29:29,775 - ShadowDet - INFO - [batch 40/152, epoch 11/15]: loss_rmse:0.04175535589456558 loss_inv:0.02759290486574173 loss_var:0.06798981130123138 loss_det:0.07346341013908386 loss_alpha:0.0109640471637249 loss_smooth:0.0018045923206955194 loss_total:1.416818618774414 binary_loss:0.05543934181332588 
2025-11-19 11:29:32,299 - ShadowDet - INFO - [batch 50/152, epoch 11/15]: loss_rmse:0.043522730469703674 loss_inv:0.017204999923706055 loss_var:0.012219926342368126 loss_det:0.05813465267419815 loss_alpha:0.012559754773974419 loss_smooth:0.0024223001673817635 loss_total:1.095471978187561 binary_loss:0.04341597855091095 
2025-11-19 11:29:34,812 - ShadowDet - INFO - [batch 60/152, epoch 11/15]: loss_rmse:0.04348566755652428 loss_inv:0.022611284628510475 loss_var:0.09651663899421692 loss_det:0.05701258033514023 loss_alpha:0.010446428321301937 loss_smooth:0.0022935301531106234 loss_total:1.1574015617370605 binary_loss:0.04243381693959236 
2025-11-19 11:29:37,324 - ShadowDet - INFO - [batch 70/152, epoch 11/15]: loss_rmse:0.04195065796375275 loss_inv:0.04132148623466492 loss_var:0.013248261064291 loss_det:0.0681271180510521 loss_alpha:0.009321094490587711 loss_smooth:0.00231244508177042 loss_total:1.267095685005188 binary_loss:0.05075011029839516 
2025-11-19 11:29:39,836 - ShadowDet - INFO - [batch 80/152, epoch 11/15]: loss_rmse:0.04147541522979736 loss_inv:0.0709749236702919 loss_var:0.05825375020503998 loss_det:0.08324337750673294 loss_alpha:0.006552574690431356 loss_smooth:0.0022865140344947577 loss_total:1.5752966403961182 binary_loss:0.06202686205506325 
2025-11-19 11:29:42,348 - ShadowDet - INFO - [batch 90/152, epoch 11/15]: loss_rmse:0.04241025820374489 loss_inv:0.027059845626354218 loss_var:0.13064610958099365 loss_det:0.04125944525003433 loss_alpha:0.013539832085371017 loss_smooth:0.0022218930535018444 loss_total:0.9190318584442139 binary_loss:0.03111620806157589 
2025-11-19 11:29:44,860 - ShadowDet - INFO - [batch 100/152, epoch 11/15]: loss_rmse:0.05346348136663437 loss_inv:0.032739538699388504 loss_var:0.013131434097886086 loss_det:0.07897459715604782 loss_alpha:0.01724521815776825 loss_smooth:0.0022900840267539024 loss_total:1.4718549251556396 binary_loss:0.05926132574677467 
2025-11-19 11:29:47,372 - ShadowDet - INFO - [batch 110/152, epoch 11/15]: loss_rmse:0.06535936146974564 loss_inv:0.005190305877476931 loss_var:0.07467445731163025 loss_det:0.0989038273692131 loss_alpha:0.019582027569413185 loss_smooth:0.0023284652270376682 loss_total:1.8908567428588867 binary_loss:0.07385000586509705 
2025-11-19 11:29:49,882 - ShadowDet - INFO - [batch 120/152, epoch 11/15]: loss_rmse:0.04884987697005272 loss_inv:0.08500808477401733 loss_var:0.031229406595230103 loss_det:0.045282695442438126 loss_alpha:0.02284884639084339 loss_smooth:0.001774899661540985 loss_total:0.8882541060447693 binary_loss:0.03375988453626633 
2025-11-19 11:29:52,396 - ShadowDet - INFO - [batch 130/152, epoch 11/15]: loss_rmse:0.03745207190513611 loss_inv:0.027576223015785217 loss_var:0.007707715034484863 loss_det:0.07905692607164383 loss_alpha:0.0074368128553032875 loss_smooth:0.002264703158289194 loss_total:1.4444384574890137 binary_loss:0.05860624089837074 
2025-11-19 11:29:54,912 - ShadowDet - INFO - [batch 140/152, epoch 11/15]: loss_rmse:0.039737582206726074 loss_inv:0.02050917223095894 loss_var:0.030707217752933502 loss_det:0.06591065227985382 loss_alpha:0.009981553070247173 loss_smooth:0.0018868499901145697 loss_total:1.2377444505691528 binary_loss:0.04893246665596962 
2025-11-19 11:29:57,426 - ShadowDet - INFO - [batch 150/152, epoch 11/15]: loss_rmse:0.039680954068899155 loss_inv:0.04884769767522812 loss_var:0.020234335213899612 loss_det:0.07941163331270218 loss_alpha:0.007277830503880978 loss_smooth:0.002154281362891197 loss_total:1.4668753147125244 binary_loss:0.05913008376955986 
2025-11-19 11:30:35,133 - ShadowDet - INFO - Scores:
===============================================
	FSD_test.pos_err:1.3688504695892334
	FSD_test.neg_err:1.6612052917480469
	FSD_test.ber:1.5150278806686401
	FSD_test.acc:0.9836277961730957
	FSD_test.soft_rmse:0.04299647733569145
	FSD_test.wse:0.21479223668575287
===============================================
2025-11-19 11:30:35,520 - ShadowDet - INFO - checkpoint has been saved to logs/ckpt/best.ckpt!
2025-11-19 11:30:37,892 - ShadowDet - INFO - [batch 8/152, epoch 12/15]: loss_rmse:0.04069172218441963 loss_inv:0.01142374612390995 loss_var:0.06310808658599854 loss_det:0.08625690639019012 loss_alpha:0.0076685999520123005 loss_smooth:0.0021914499811828136 loss_total:1.6330450773239136 binary_loss:0.06447616964578629 
2025-11-19 11:30:40,407 - ShadowDet - INFO - [batch 18/152, epoch 12/15]: loss_rmse:0.04741966724395752 loss_inv:0.0828869640827179 loss_var:0.043907903134822845 loss_det:0.07452525198459625 loss_alpha:0.012400400824844837 loss_smooth:0.002157446462661028 loss_total:1.4167943000793457 binary_loss:0.055863987654447556 
2025-11-19 11:30:42,929 - ShadowDet - INFO - [batch 28/152, epoch 12/15]: loss_rmse:0.05615707486867905 loss_inv:0.07348905503749847 loss_var:0.051245592534542084 loss_det:0.0590929314494133 loss_alpha:0.018298285081982613 loss_smooth:0.0027308715507388115 loss_total:1.1794136762619019 binary_loss:0.04537729546427727 
2025-11-19 11:30:45,445 - ShadowDet - INFO - [batch 38/152, epoch 12/15]: loss_rmse:0.04751830920577049 loss_inv:0.010551255196332932 loss_var:0.03274846076965332 loss_det:0.05716743320226669 loss_alpha:0.014506290666759014 loss_smooth:0.002345630433410406 loss_total:1.1046273708343506 binary_loss:0.04292299970984459 
2025-11-19 11:30:47,959 - ShadowDet - INFO - [batch 48/152, epoch 12/15]: loss_rmse:0.04356425628066063 loss_inv:0.006990841124206781 loss_var:0.015190541744232178 loss_det:0.04141794890165329 loss_alpha:0.01449859980493784 loss_smooth:0.002145236823707819 loss_total:0.8141640424728394 binary_loss:0.03197773918509483 
2025-11-19 11:30:50,474 - ShadowDet - INFO - [batch 58/152, epoch 12/15]: loss_rmse:0.050467561930418015 loss_inv:0.0188128799200058 loss_var:0.030699755996465683 loss_det:0.03263590484857559 loss_alpha:0.026278043165802956 loss_smooth:0.0025531197898089886 loss_total:0.6841119527816772 binary_loss:0.025105437263846397 
2025-11-19 11:30:52,989 - ShadowDet - INFO - [batch 68/152, epoch 12/15]: loss_rmse:0.08483638614416122 loss_inv:0.022278835996985435 loss_var:0.1047794371843338 loss_det:0.057817406952381134 loss_alpha:0.06350740790367126 loss_smooth:0.002086126711219549 loss_total:1.220420002937317 binary_loss:0.04317689314484596 
2025-11-19 11:30:55,504 - ShadowDet - INFO - [batch 78/152, epoch 12/15]: loss_rmse:0.04440382868051529 loss_inv:0.08096542954444885 loss_var:0.026348508894443512 loss_det:0.057490091770887375 loss_alpha:0.009712870232760906 loss_smooth:0.002205852884799242 loss_total:1.1018602848052979 binary_loss:0.043414849787950516 
2025-11-19 11:30:58,018 - ShadowDet - INFO - [batch 88/152, epoch 12/15]: loss_rmse:0.042959537357091904 loss_inv:0.021786997094750404 loss_var:0.07224783301353455 loss_det:0.045999303460121155 loss_alpha:0.012236610986292362 loss_smooth:0.0023932824842631817 loss_total:0.9469103813171387 binary_loss:0.03477771580219269 
2025-11-19 11:31:00,533 - ShadowDet - INFO - [batch 98/152, epoch 12/15]: loss_rmse:0.04984024167060852 loss_inv:0.03532610088586807 loss_var:0.018087496981024742 loss_det:0.041351042687892914 loss_alpha:0.013286145403981209 loss_smooth:0.0022276402451097965 loss_total:0.8378954529762268 binary_loss:0.033418089151382446 
2025-11-19 11:31:03,047 - ShadowDet - INFO - [batch 108/152, epoch 12/15]: loss_rmse:0.04245467483997345 loss_inv:0.006172662600874901 loss_var:0.018830813467502594 loss_det:0.06217138469219208 loss_alpha:0.008726967498660088 loss_smooth:0.002254352206364274 loss_total:1.1695293188095093 binary_loss:0.04639864340424538 
2025-11-19 11:31:05,562 - ShadowDet - INFO - [batch 118/152, epoch 12/15]: loss_rmse:0.03868619725108147 loss_inv:0.0756801962852478 loss_var:0.03979756683111191 loss_det:0.0866924449801445 loss_alpha:0.007267398294061422 loss_smooth:0.0020351214334368706 loss_total:1.6102460622787476 binary_loss:0.06444866210222244 
2025-11-19 11:31:08,077 - ShadowDet - INFO - [batch 128/152, epoch 12/15]: loss_rmse:0.041287727653980255 loss_inv:0.007461929693818092 loss_var:0.017271392047405243 loss_det:0.07628883421421051 loss_alpha:0.008072858676314354 loss_smooth:0.0023010149598121643 loss_total:1.4081873893737793 binary_loss:0.0563729852437973 
2025-11-19 11:31:10,592 - ShadowDet - INFO - [batch 138/152, epoch 12/15]: loss_rmse:0.04335355386137962 loss_inv:0.016622845083475113 loss_var:0.027899879962205887 loss_det:0.06200146675109863 loss_alpha:0.011991382576525211 loss_smooth:0.002064881380647421 loss_total:1.174261450767517 binary_loss:0.046234454959630966 
2025-11-19 11:31:13,106 - ShadowDet - INFO - [batch 148/152, epoch 12/15]: loss_rmse:0.037778340280056 loss_inv:0.050808265805244446 loss_var:0.008758261799812317 loss_det:0.08373376727104187 loss_alpha:0.007097759749740362 loss_smooth:0.002045792993158102 loss_total:1.5228137969970703 binary_loss:0.06184815242886543 
2025-11-19 11:31:51,137 - ShadowDet - INFO - Scores:
===============================================
	FSD_test.pos_err:1.6256213188171387
	FSD_test.neg_err:1.4014065265655518
	FSD_test.ber:1.5135139226913452
	FSD_test.acc:0.9858018755912781
	FSD_test.soft_rmse:0.03852825611829758
	FSD_test.wse:0.19559381902217865
===============================================
2025-11-19 11:31:51,529 - ShadowDet - INFO - checkpoint has been saved to logs/ckpt/best.ckpt!
2025-11-19 11:31:53,428 - ShadowDet - INFO - [batch 6/152, epoch 13/15]: loss_rmse:0.048768140375614166 loss_inv:0.07471815496683121 loss_var:0.02307216264307499 loss_det:0.07233692705631256 loss_alpha:0.011833417229354382 loss_smooth:0.002566511742770672 loss_total:1.3599975109100342 binary_loss:0.05391229689121246 
2025-11-19 11:31:55,955 - ShadowDet - INFO - [batch 16/152, epoch 13/15]: loss_rmse:0.04270424693822861 loss_inv:0.06418530642986298 loss_var:0.08100468665361404 loss_det:0.0638396367430687 loss_alpha:0.009303594008088112 loss_smooth:0.0019312246004119515 loss_total:1.2562862634658813 binary_loss:0.047486867755651474 
2025-11-19 11:31:58,500 - ShadowDet - INFO - [batch 26/152, epoch 13/15]: loss_rmse:0.04430389776825905 loss_inv:0.028748681768774986 loss_var:0.04870225116610527 loss_det:0.07093434780836105 loss_alpha:0.010003606788814068 loss_smooth:0.0024323496036231518 loss_total:1.3538529872894287 binary_loss:0.05271797627210617 
2025-11-19 11:32:01,014 - ShadowDet - INFO - [batch 36/152, epoch 13/15]: loss_rmse:0.04143644496798515 loss_inv:0.025573939085006714 loss_var:0.13315138220787048 loss_det:0.07441622018814087 loss_alpha:0.00869106687605381 loss_smooth:0.002189384773373604 loss_total:1.5023237466812134 binary_loss:0.05616798624396324 
2025-11-19 11:32:03,527 - ShadowDet - INFO - [batch 46/152, epoch 13/15]: loss_rmse:0.040233347564935684 loss_inv:0.005268212407827377 loss_var:0.02794102393090725 loss_det:0.05695871636271477 loss_alpha:0.008143083192408085 loss_smooth:0.001896967994980514 loss_total:1.0876812934875488 binary_loss:0.04309501126408577 
2025-11-19 11:32:06,040 - ShadowDet - INFO - [batch 56/152, epoch 13/15]: loss_rmse:0.05046473816037178 loss_inv:0.031946245580911636 loss_var:0.021482080221176147 loss_det:0.07136866450309753 loss_alpha:0.013621033169329166 loss_smooth:0.002513471059501171 loss_total:1.3464717864990234 binary_loss:0.05357036739587784 
2025-11-19 11:32:08,556 - ShadowDet - INFO - [batch 66/152, epoch 13/15]: loss_rmse:0.03830905258655548 loss_inv:0.02003672905266285 loss_var:0.015598878264427185 loss_det:0.04887114465236664 loss_alpha:0.012583669275045395 loss_smooth:0.0018508200300857425 loss_total:0.9248450994491577 binary_loss:0.036371756345033646 
2025-11-19 11:32:11,090 - ShadowDet - INFO - [batch 76/152, epoch 13/15]: loss_rmse:0.05407804250717163 loss_inv:0.0816446989774704 loss_var:0.026445088908076286 loss_det:0.02997741661965847 loss_alpha:0.023912549018859863 loss_smooth:0.0030306146945804358 loss_total:0.6435510516166687 binary_loss:0.023294758051633835 
2025-11-19 11:32:13,605 - ShadowDet - INFO - [batch 86/152, epoch 13/15]: loss_rmse:0.059103213250637054 loss_inv:0.03002350404858589 loss_var:0.09498898684978485 loss_det:0.09655173122882843 loss_alpha:0.017014913260936737 loss_smooth:0.0022742892615497112 loss_total:1.859633445739746 binary_loss:0.07172811031341553 
2025-11-19 11:32:16,136 - ShadowDet - INFO - [batch 96/152, epoch 13/15]: loss_rmse:0.046438608318567276 loss_inv:0.05759573355317116 loss_var:0.008349940180778503 loss_det:0.06682982295751572 loss_alpha:0.013068108819425106 loss_smooth:0.0023015921469777822 loss_total:1.2436202764511108 binary_loss:0.04975176230072975 
2025-11-19 11:32:18,650 - ShadowDet - INFO - [batch 106/152, epoch 13/15]: loss_rmse:0.04346875101327896 loss_inv:0.06923781335353851 loss_var:0.024673685431480408 loss_det:0.060937657952308655 loss_alpha:0.011094992980360985 loss_smooth:0.002238794695585966 loss_total:1.1534523963928223 binary_loss:0.045354556292295456 
2025-11-19 11:32:21,166 - ShadowDet - INFO - [batch 116/152, epoch 13/15]: loss_rmse:0.04126202315092087 loss_inv:0.0789666622877121 loss_var:0.04923839122056961 loss_det:0.03576283156871796 loss_alpha:0.018382946029305458 loss_smooth:0.00204398762434721 loss_total:0.7414364814758301 binary_loss:0.027286788448691368 
2025-11-19 11:32:23,682 - ShadowDet - INFO - [batch 126/152, epoch 13/15]: loss_rmse:0.04225951060652733 loss_inv:0.07430219650268555 loss_var:0.0052323490381240845 loss_det:0.10708563774824142 loss_alpha:0.007366422098129988 loss_smooth:0.0021069450303912163 loss_total:1.9295451641082764 binary_loss:0.07901274412870407 
2025-11-19 11:32:26,195 - ShadowDet - INFO - [batch 136/152, epoch 13/15]: loss_rmse:0.04258125647902489 loss_inv:0.005733693949878216 loss_var:0.012265156954526901 loss_det:0.060283366590738297 loss_alpha:0.010850626975297928 loss_smooth:0.002258224878460169 loss_total:1.1310733556747437 binary_loss:0.04508110135793686 
2025-11-19 11:32:28,709 - ShadowDet - INFO - [batch 146/152, epoch 13/15]: loss_rmse:0.04775414615869522 loss_inv:0.03481745347380638 loss_var:0.012812788598239422 loss_det:0.08996578305959702 loss_alpha:0.008846718817949295 loss_smooth:0.002479157643392682 loss_total:1.6593708992004395 binary_loss:0.06743545830249786 
2025-11-19 11:33:07,056 - ShadowDet - INFO - Scores:
===============================================
	FSD_test.pos_err:1.7018795013427734
	FSD_test.neg_err:1.3338267803192139
	FSD_test.ber:1.5178531408309937
	FSD_test.acc:0.9863596558570862
	FSD_test.soft_rmse:0.035571686923503876
	FSD_test.wse:0.1766476035118103
===============================================
2025-11-19 11:33:08,395 - ShadowDet - INFO - [batch 4/152, epoch 14/15]: loss_rmse:0.04506616294384003 loss_inv:0.004129861481487751 loss_var:0.03220720961689949 loss_det:0.07394181191921234 loss_alpha:0.008463605307042599 loss_smooth:0.0024056662805378437 loss_total:1.4008373022079468 binary_loss:0.05600890889763832 
2025-11-19 11:33:10,908 - ShadowDet - INFO - [batch 14/152, epoch 14/15]: loss_rmse:0.04232132062315941 loss_inv:0.026454757899045944 loss_var:0.09916761517524719 loss_det:0.0436694361269474 loss_alpha:0.011453085578978062 loss_smooth:0.0021515723783522844 loss_total:0.9331356287002563 binary_loss:0.033343661576509476 
2025-11-19 11:33:13,434 - ShadowDet - INFO - [batch 24/152, epoch 14/15]: loss_rmse:0.04352233186364174 loss_inv:0.08635236322879791 loss_var:0.022777704522013664 loss_det:0.08665341883897781 loss_alpha:0.00818624347448349 loss_smooth:0.0029536825604736805 loss_total:1.6059969663619995 binary_loss:0.06436259299516678 
2025-11-19 11:33:15,946 - ShadowDet - INFO - [batch 34/152, epoch 14/15]: loss_rmse:0.03899778053164482 loss_inv:0.019397057592868805 loss_var:0.04388533905148506 loss_det:0.05612187460064888 loss_alpha:0.007729587145149708 loss_smooth:0.0019681635312736034 loss_total:1.0821878910064697 binary_loss:0.041840437799692154 
2025-11-19 11:33:18,458 - ShadowDet - INFO - [batch 44/152, epoch 14/15]: loss_rmse:0.04130052775144577 loss_inv:0.025133904069662094 loss_var:0.05096600949764252 loss_det:0.07559053599834442 loss_alpha:0.008654221892356873 loss_smooth:0.0019867646042257547 loss_total:1.433849811553955 binary_loss:0.05658102408051491 
2025-11-19 11:33:20,972 - ShadowDet - INFO - [batch 54/152, epoch 14/15]: loss_rmse:0.04202450066804886 loss_inv:0.02514958754181862 loss_var:0.09777684509754181 loss_det:0.06945096701383591 loss_alpha:0.008467731066048145 loss_smooth:0.0025832937099039555 loss_total:1.376176118850708 binary_loss:0.05160320922732353 
2025-11-19 11:33:23,485 - ShadowDet - INFO - [batch 64/152, epoch 14/15]: loss_rmse:0.04519118741154671 loss_inv:0.06972282379865646 loss_var:0.0314975343644619 loss_det:0.10039624571800232 loss_alpha:0.007661426439881325 loss_smooth:0.0025947727262973785 loss_total:1.8474265336990356 binary_loss:0.07408275455236435 
2025-11-19 11:33:25,996 - ShadowDet - INFO - [batch 74/152, epoch 14/15]: loss_rmse:0.045186158269643784 loss_inv:0.053131937980651855 loss_var:0.018430843949317932 loss_det:0.06294861435890198 loss_alpha:0.009555169381201267 loss_smooth:0.002313155448064208 loss_total:1.1830796003341675 binary_loss:0.04668448865413666 
2025-11-19 11:33:28,508 - ShadowDet - INFO - [batch 84/152, epoch 14/15]: loss_rmse:0.04093354940414429 loss_inv:0.03187213093042374 loss_var:0.059909969568252563 loss_det:0.041776396334171295 loss_alpha:0.011577748693525791 loss_smooth:0.002277443651109934 loss_total:0.8550834655761719 binary_loss:0.03137015178799629 
2025-11-19 11:33:31,019 - ShadowDet - INFO - [batch 94/152, epoch 14/15]: loss_rmse:0.03603397309780121 loss_inv:0.02481820434331894 loss_var:0.051222171634435654 loss_det:0.06835006922483444 loss_alpha:0.007512902840971947 loss_smooth:0.0016823725309222937 loss_total:1.292466163635254 binary_loss:0.05048856884241104 
2025-11-19 11:33:33,530 - ShadowDet - INFO - [batch 104/152, epoch 14/15]: loss_rmse:0.051352400332689285 loss_inv:0.018973516300320625 loss_var:0.00849079992622137 loss_det:0.039887696504592896 loss_alpha:0.028750158846378326 loss_smooth:0.0020091994665563107 loss_total:0.7811503410339355 binary_loss:0.030233820900321007 
2025-11-19 11:33:36,042 - ShadowDet - INFO - [batch 114/152, epoch 14/15]: loss_rmse:0.04355299100279808 loss_inv:0.004236724693328142 loss_var:0.019668594002723694 loss_det:0.08412368595600128 loss_alpha:0.009251452051103115 loss_smooth:0.002422944875434041 loss_total:1.5509836673736572 binary_loss:0.06222958862781525 
2025-11-19 11:33:38,560 - ShadowDet - INFO - [batch 124/152, epoch 14/15]: loss_rmse:0.03974532708525658 loss_inv:0.02345132827758789 loss_var:0.027459766715765 loss_det:0.048791881650686264 loss_alpha:0.011492508463561535 loss_smooth:0.0022360654547810555 loss_total:0.9388896226882935 binary_loss:0.036140501499176025 
2025-11-19 11:33:41,074 - ShadowDet - INFO - [batch 134/152, epoch 14/15]: loss_rmse:0.04676169902086258 loss_inv:0.015815116465091705 loss_var:0.03166856989264488 loss_det:0.10525693744421005 loss_alpha:0.008738961070775986 loss_smooth:0.002442676806822419 loss_total:1.9378674030303955 binary_loss:0.07824409008026123 
2025-11-19 11:33:43,604 - ShadowDet - INFO - [batch 144/152, epoch 14/15]: loss_rmse:0.039654441177845 loss_inv:0.04547171667218208 loss_var:0.052482761442661285 loss_det:0.0959240272641182 loss_alpha:0.0067143221385777 loss_smooth:0.0019142328528687358 loss_total:1.7748537063598633 binary_loss:0.07043340802192688 
2025-11-19 11:34:22,249 - ShadowDet - INFO - Scores:
===============================================
	FSD_test.pos_err:1.6567766666412354
	FSD_test.neg_err:1.4080941677093506
	FSD_test.ber:1.532435417175293
	FSD_test.acc:0.9857149720191956
	FSD_test.soft_rmse:0.035666368901729584
	FSD_test.wse:0.17496290802955627
===============================================
2025-11-19 11:34:23,146 - ShadowDet - INFO - [batch 2/152, epoch 15/15]: loss_rmse:0.042600251734256744 loss_inv:0.017109528183937073 loss_var:0.011204062029719353 loss_det:0.07298111170530319 loss_alpha:0.008061631582677364 loss_smooth:0.0023849518038332462 loss_total:1.3531687259674072 binary_loss:0.05457036942243576 
2025-11-19 11:34:25,657 - ShadowDet - INFO - [batch 12/152, epoch 15/15]: loss_rmse:0.04315928742289543 loss_inv:0.011496070772409439 loss_var:0.030203986912965775 loss_det:0.075564444065094 loss_alpha:0.010716530494391918 loss_smooth:0.0022392612881958485 loss_total:1.4173603057861328 binary_loss:0.05659598484635353 
2025-11-19 11:34:28,168 - ShadowDet - INFO - [batch 22/152, epoch 15/15]: loss_rmse:0.045166756957769394 loss_inv:0.02704618126153946 loss_var:0.08559863269329071 loss_det:0.11906777322292328 loss_alpha:0.007188283372670412 loss_smooth:0.0024166798684746027 loss_total:2.231616973876953 binary_loss:0.08860068768262863 
2025-11-19 11:34:30,678 - ShadowDet - INFO - [batch 32/152, epoch 15/15]: loss_rmse:0.048317961394786835 loss_inv:0.025989428162574768 loss_var:0.04081868380308151 loss_det:0.048280149698257446 loss_alpha:0.017223218455910683 loss_smooth:0.002247384749352932 loss_total:0.9593590497970581 binary_loss:0.036494698375463486 
2025-11-19 11:34:33,189 - ShadowDet - INFO - [batch 42/152, epoch 15/15]: loss_rmse:0.04855281487107277 loss_inv:0.02509339340031147 loss_var:0.07036446779966354 loss_det:0.06725888699293137 loss_alpha:0.015351919457316399 loss_smooth:0.0019396687857806683 loss_total:1.3144526481628418 binary_loss:0.050354987382888794 
2025-11-19 11:34:35,706 - ShadowDet - INFO - [batch 52/152, epoch 15/15]: loss_rmse:0.05419640988111496 loss_inv:0.045760639011859894 loss_var:0.03561119735240936 loss_det:0.0363217331469059 loss_alpha:0.02672446519136429 loss_smooth:0.0022610314190387726 loss_total:0.7521182298660278 binary_loss:0.02764829993247986 
2025-11-19 11:34:38,216 - ShadowDet - INFO - [batch 62/152, epoch 15/15]: loss_rmse:0.043431684374809265 loss_inv:0.007247766479849815 loss_var:0.02223799377679825 loss_det:0.055547893047332764 loss_alpha:0.0109044024720788 loss_smooth:0.002198876114562154 loss_total:1.057963490486145 binary_loss:0.04148261249065399 
2025-11-19 11:34:40,930 - ShadowDet - INFO - [batch 72/152, epoch 15/15]: loss_rmse:0.044866446405649185 loss_inv:0.011231036856770515 loss_var:0.027592454105615616 loss_det:0.0456525944173336 loss_alpha:0.016085084527730942 loss_smooth:0.0019818346481770277 loss_total:0.8891814351081848 binary_loss:0.03403782099485397 
2025-11-19 11:34:43,443 - ShadowDet - INFO - [batch 82/152, epoch 15/15]: loss_rmse:0.041624464094638824 loss_inv:0.08399727940559387 loss_var:0.029682906344532967 loss_det:0.07424388825893402 loss_alpha:0.009735354222357273 loss_smooth:0.00226242165081203 loss_total:1.3872175216674805 binary_loss:0.0550847053527832 
2025-11-19 11:34:45,956 - ShadowDet - INFO - [batch 92/152, epoch 15/15]: loss_rmse:0.04699147492647171 loss_inv:0.006821991875767708 loss_var:0.026834364980459213 loss_det:0.07894723117351532 loss_alpha:0.011326450854539871 loss_smooth:0.0025668602902442217 loss_total:1.476462721824646 binary_loss:0.05874959006905556 
2025-11-19 11:34:48,484 - ShadowDet - INFO - [batch 102/152, epoch 15/15]: loss_rmse:0.04661824554204941 loss_inv:0.034183256328105927 loss_var:0.02923470549285412 loss_det:0.04206530377268791 loss_alpha:0.011775191873311996 loss_smooth:0.0023070855531841516 loss_total:0.8366538286209106 binary_loss:0.03170769661664963 
2025-11-19 11:34:51,012 - ShadowDet - INFO - [batch 112/152, epoch 15/15]: loss_rmse:0.03892330080270767 loss_inv:0.024983104318380356 loss_var:0.03617269545793533 loss_det:0.08344384282827377 loss_alpha:0.007596497889608145 loss_smooth:0.0020388502161949873 loss_total:1.5441616773605347 binary_loss:0.06142387166619301 
2025-11-19 11:34:53,536 - ShadowDet - INFO - [batch 122/152, epoch 15/15]: loss_rmse:0.03888727352023125 loss_inv:0.022887179628014565 loss_var:0.04021264612674713 loss_det:0.05604138970375061 loss_alpha:0.009815997444093227 loss_smooth:0.002233917126432061 loss_total:1.0762979984283447 binary_loss:0.04144449532032013 
2025-11-19 11:34:56,073 - ShadowDet - INFO - [batch 132/152, epoch 15/15]: loss_rmse:0.04476055130362511 loss_inv:0.0058838678523898125 loss_var:0.02640257403254509 loss_det:0.03666460141539574 loss_alpha:0.016436032950878143 loss_smooth:0.0020863469690084457 loss_total:0.7343669533729553 binary_loss:0.02756943367421627 
2025-11-19 11:34:58,588 - ShadowDet - INFO - [batch 142/152, epoch 15/15]: loss_rmse:0.04770980775356293 loss_inv:0.027077652513980865 loss_var:0.14435063302516937 loss_det:0.08674024045467377 loss_alpha:0.008838389068841934 loss_smooth:0.0028025335632264614 loss_total:1.7275575399398804 binary_loss:0.06400692462921143 
2025-11-19 11:35:01,103 - ShadowDet - INFO - [batch 152/152, epoch 15/15]: loss_rmse:0.040953379124403 loss_inv:0.08539086580276489 loss_var:0.015057748183608055 loss_det:0.06058477982878685 loss_alpha:0.010076720267534256 loss_smooth:0.0023668932262808084 loss_total:1.1356143951416016 binary_loss:0.04500865936279297 
2025-11-19 11:35:38,490 - ShadowDet - INFO - Scores:
===============================================
	FSD_test.pos_err:1.5508949756622314
	FSD_test.neg_err:1.5140056610107422
	FSD_test.ber:1.5324503183364868
	FSD_test.acc:0.9848297238349915
	FSD_test.soft_rmse:0.03519592434167862
	FSD_test.wse:0.16565881669521332
===============================================
2025-11-19 11:35:38,491 - ShadowDet - INFO - Best BER: 1.5135 at epoch 11
